CRITICAL - 2025-04-04 01:23:13 --> ErrorException: Constant expression contains invalid operations
[Method: GET, Route: /]
in APPPATH\Config\Database.php on line 27.
 1 [internal function]: CodeIgniter\Debug\Exceptions->shutdownHandler()
CRITICAL - 2025-04-04 01:23:13 --> ErrorException: Constant expression contains invalid operations
[Method: GET, Route: /]
in APPPATH\Config\Database.php on line 27.
 1 [internal function]: CodeIgniter\Debug\Exceptions->shutdownHandler()
CRITICAL - 2025-04-04 03:15:18 --> ErrorException: Constant expression contains invalid operations
[Method: GET, Route: /]
in APPPATH\Config\Database.php on line 27.
 1 [internal function]: CodeIgniter\Debug\Exceptions->shutdownHandler()
CRITICAL - 2025-04-04 03:16:14 --> ErrorException: Constant expression contains invalid operations
[Method: GET, Route: /]
in APPPATH\Config\Database.php on line 27.
 1 [internal function]: CodeIgniter\Debug\Exceptions->shutdownHandler()
ERROR - 2025-04-04 03:18:58 --> Error connecting to the database: mysqli_sql_exception: Unknown database 'ci4' in C:\xampp\htdocs\207\project_code\wazte\system\Database\MySQLi\Connection.php:201
Stack trace:
#0 C:\xampp\htdocs\207\project_code\wazte\system\Database\MySQLi\Connection.php(201): mysqli->real_connect('127.0.0.1', 'root', Object(SensitiveParameterValue), 'ci4', 3306, '', 0)
#1 C:\xampp\htdocs\207\project_code\wazte\system\Database\BaseConnection.php(421): CodeIgniter\Database\MySQLi\Connection->connect(false)
#2 C:\xampp\htdocs\207\project_code\wazte\system\Database\BaseConnection.php(620): CodeIgniter\Database\BaseConnection->initialize()
#3 C:\xampp\htdocs\207\project_code\wazte\system\Database\BaseBuilder.php(1649): CodeIgniter\Database\BaseConnection->query('SELECT `Materia...', Array, false)
#4 C:\xampp\htdocs\207\project_code\wazte\system\Model.php(286): CodeIgniter\Database\BaseBuilder->get()
#5 C:\xampp\htdocs\207\project_code\wazte\system\BaseModel.php(675): CodeIgniter\Model->doFindAll(0, 0)
#6 C:\xampp\htdocs\207\project_code\wazte\app\Models\MaterialModel.php(14): CodeIgniter\BaseModel->findAll()
#7 C:\xampp\htdocs\207\project_code\wazte\app\Controllers\Home.php(32): App\Models\MaterialModel->getMaterials()
#8 C:\xampp\htdocs\207\project_code\wazte\system\CodeIgniter.php(933): App\Controllers\Home->materialTypes()
#9 C:\xampp\htdocs\207\project_code\wazte\system\CodeIgniter.php(507): CodeIgniter\CodeIgniter->runController(Object(App\Controllers\Home))
#10 C:\xampp\htdocs\207\project_code\wazte\system\CodeIgniter.php(354): CodeIgniter\CodeIgniter->handleRequest(NULL, Object(Config\Cache), false)
#11 C:\xampp\htdocs\207\project_code\wazte\system\Boot.php(334): CodeIgniter\CodeIgniter->run()
#12 C:\xampp\htdocs\207\project_code\wazte\system\Boot.php(67): CodeIgniter\Boot::runCodeIgniter(Object(CodeIgniter\CodeIgniter))
#13 C:\xampp\htdocs\207\project_code\wazte\index.php(56): CodeIgniter\Boot::bootWeb(Object(Config\Paths))
#14 {main}

Next CodeIgniter\Database\Exceptions\DatabaseException: Unknown database 'ci4' in C:\xampp\htdocs\207\project_code\wazte\system\Database\MySQLi\Connection.php:246
Stack trace:
#0 C:\xampp\htdocs\207\project_code\wazte\system\Database\BaseConnection.php(421): CodeIgniter\Database\MySQLi\Connection->connect(false)
#1 C:\xampp\htdocs\207\project_code\wazte\system\Database\BaseConnection.php(620): CodeIgniter\Database\BaseConnection->initialize()
#2 C:\xampp\htdocs\207\project_code\wazte\system\Database\BaseBuilder.php(1649): CodeIgniter\Database\BaseConnection->query('SELECT `Materia...', Array, false)
#3 C:\xampp\htdocs\207\project_code\wazte\system\Model.php(286): CodeIgniter\Database\BaseBuilder->get()
#4 C:\xampp\htdocs\207\project_code\wazte\system\BaseModel.php(675): CodeIgniter\Model->doFindAll(0, 0)
#5 C:\xampp\htdocs\207\project_code\wazte\app\Models\MaterialModel.php(14): CodeIgniter\BaseModel->findAll()
#6 C:\xampp\htdocs\207\project_code\wazte\app\Controllers\Home.php(32): App\Models\MaterialModel->getMaterials()
#7 C:\xampp\htdocs\207\project_code\wazte\system\CodeIgniter.php(933): App\Controllers\Home->materialTypes()
#8 C:\xampp\htdocs\207\project_code\wazte\system\CodeIgniter.php(507): CodeIgniter\CodeIgniter->runController(Object(App\Controllers\Home))
#9 C:\xampp\htdocs\207\project_code\wazte\system\CodeIgniter.php(354): CodeIgniter\CodeIgniter->handleRequest(NULL, Object(Config\Cache), false)
#10 C:\xampp\htdocs\207\project_code\wazte\system\Boot.php(334): CodeIgniter\CodeIgniter->run()
#11 C:\xampp\htdocs\207\project_code\wazte\system\Boot.php(67): CodeIgniter\Boot::runCodeIgniter(Object(CodeIgniter\CodeIgniter))
#12 C:\xampp\htdocs\207\project_code\wazte\index.php(56): CodeIgniter\Boot::bootWeb(Object(Config\Paths))
#13 {main}
CRITICAL - 2025-04-04 03:18:58 --> CodeIgniter\Database\Exceptions\DatabaseException: Unable to connect to the database.
Main connection [MySQLi]: Unknown database 'ci4'
[Method: GET, Route: home/materialTypes]
in SYSTEMPATH\Database\BaseConnection.php on line 467.
 1 SYSTEMPATH\Database\BaseConnection.php(620): CodeIgniter\Database\BaseConnection->initialize()
 2 SYSTEMPATH\Database\BaseBuilder.php(1649): CodeIgniter\Database\BaseConnection->query('SELECT `Material` as `name`, `icon`
FROM `materials`', [], false)
 3 SYSTEMPATH\Model.php(286): CodeIgniter\Database\BaseBuilder->get()
 4 SYSTEMPATH\BaseModel.php(675): CodeIgniter\Model->doFindAll(0, 0)
 5 APPPATH\Models\MaterialModel.php(14): CodeIgniter\BaseModel->findAll()
 6 APPPATH\Controllers\Home.php(32): App\Models\MaterialModel->getMaterials()
 7 SYSTEMPATH\CodeIgniter.php(933): App\Controllers\Home->materialTypes()
 8 SYSTEMPATH\CodeIgniter.php(507): CodeIgniter\CodeIgniter->runController(Object(App\Controllers\Home))
 9 SYSTEMPATH\CodeIgniter.php(354): CodeIgniter\CodeIgniter->handleRequest(null, Object(Config\Cache), false)
10 SYSTEMPATH\Boot.php(334): CodeIgniter\CodeIgniter->run()
11 SYSTEMPATH\Boot.php(67): CodeIgniter\Boot::runCodeIgniter(Object(CodeIgniter\CodeIgniter))
12 FCPATH\index.php(56): CodeIgniter\Boot::bootWeb(Object(Config\Paths))
ERROR - 2025-04-04 03:20:58 --> Error connecting to the database: mysqli_sql_exception: Unknown database 'ci4' in C:\xampp\htdocs\207\project_code\wazte\system\Database\MySQLi\Connection.php:201
Stack trace:
#0 C:\xampp\htdocs\207\project_code\wazte\system\Database\MySQLi\Connection.php(201): mysqli->real_connect('127.0.0.1', 'root', Object(SensitiveParameterValue), 'ci4', 3306, '', 0)
#1 C:\xampp\htdocs\207\project_code\wazte\system\Database\BaseConnection.php(421): CodeIgniter\Database\MySQLi\Connection->connect(false)
#2 C:\xampp\htdocs\207\project_code\wazte\system\Database\BaseConnection.php(620): CodeIgniter\Database\BaseConnection->initialize()
#3 C:\xampp\htdocs\207\project_code\wazte\system\Database\BaseBuilder.php(1649): CodeIgniter\Database\BaseConnection->query('SELECT `Materia...', Array, false)
#4 C:\xampp\htdocs\207\project_code\wazte\system\Model.php(286): CodeIgniter\Database\BaseBuilder->get()
#5 C:\xampp\htdocs\207\project_code\wazte\system\BaseModel.php(675): CodeIgniter\Model->doFindAll(0, 0)
#6 C:\xampp\htdocs\207\project_code\wazte\app\Models\MaterialModel.php(14): CodeIgniter\BaseModel->findAll()
#7 C:\xampp\htdocs\207\project_code\wazte\app\Controllers\Home.php(32): App\Models\MaterialModel->getMaterials()
#8 C:\xampp\htdocs\207\project_code\wazte\system\CodeIgniter.php(933): App\Controllers\Home->materialTypes()
#9 C:\xampp\htdocs\207\project_code\wazte\system\CodeIgniter.php(507): CodeIgniter\CodeIgniter->runController(Object(App\Controllers\Home))
#10 C:\xampp\htdocs\207\project_code\wazte\system\CodeIgniter.php(354): CodeIgniter\CodeIgniter->handleRequest(NULL, Object(Config\Cache), false)
#11 C:\xampp\htdocs\207\project_code\wazte\system\Boot.php(334): CodeIgniter\CodeIgniter->run()
#12 C:\xampp\htdocs\207\project_code\wazte\system\Boot.php(67): CodeIgniter\Boot::runCodeIgniter(Object(CodeIgniter\CodeIgniter))
#13 C:\xampp\htdocs\207\project_code\wazte\index.php(56): CodeIgniter\Boot::bootWeb(Object(Config\Paths))
#14 {main}

Next CodeIgniter\Database\Exceptions\DatabaseException: Unknown database 'ci4' in C:\xampp\htdocs\207\project_code\wazte\system\Database\MySQLi\Connection.php:246
Stack trace:
#0 C:\xampp\htdocs\207\project_code\wazte\system\Database\BaseConnection.php(421): CodeIgniter\Database\MySQLi\Connection->connect(false)
#1 C:\xampp\htdocs\207\project_code\wazte\system\Database\BaseConnection.php(620): CodeIgniter\Database\BaseConnection->initialize()
#2 C:\xampp\htdocs\207\project_code\wazte\system\Database\BaseBuilder.php(1649): CodeIgniter\Database\BaseConnection->query('SELECT `Materia...', Array, false)
#3 C:\xampp\htdocs\207\project_code\wazte\system\Model.php(286): CodeIgniter\Database\BaseBuilder->get()
#4 C:\xampp\htdocs\207\project_code\wazte\system\BaseModel.php(675): CodeIgniter\Model->doFindAll(0, 0)
#5 C:\xampp\htdocs\207\project_code\wazte\app\Models\MaterialModel.php(14): CodeIgniter\BaseModel->findAll()
#6 C:\xampp\htdocs\207\project_code\wazte\app\Controllers\Home.php(32): App\Models\MaterialModel->getMaterials()
#7 C:\xampp\htdocs\207\project_code\wazte\system\CodeIgniter.php(933): App\Controllers\Home->materialTypes()
#8 C:\xampp\htdocs\207\project_code\wazte\system\CodeIgniter.php(507): CodeIgniter\CodeIgniter->runController(Object(App\Controllers\Home))
#9 C:\xampp\htdocs\207\project_code\wazte\system\CodeIgniter.php(354): CodeIgniter\CodeIgniter->handleRequest(NULL, Object(Config\Cache), false)
#10 C:\xampp\htdocs\207\project_code\wazte\system\Boot.php(334): CodeIgniter\CodeIgniter->run()
#11 C:\xampp\htdocs\207\project_code\wazte\system\Boot.php(67): CodeIgniter\Boot::runCodeIgniter(Object(CodeIgniter\CodeIgniter))
#12 C:\xampp\htdocs\207\project_code\wazte\index.php(56): CodeIgniter\Boot::bootWeb(Object(Config\Paths))
#13 {main}
CRITICAL - 2025-04-04 03:20:58 --> CodeIgniter\Database\Exceptions\DatabaseException: Unable to connect to the database.
Main connection [MySQLi]: Unknown database 'ci4'
[Method: GET, Route: home/materialTypes]
in SYSTEMPATH\Database\BaseConnection.php on line 467.
 1 SYSTEMPATH\Database\BaseConnection.php(620): CodeIgniter\Database\BaseConnection->initialize()
 2 SYSTEMPATH\Database\BaseBuilder.php(1649): CodeIgniter\Database\BaseConnection->query('SELECT `Material` as `name`, `icon`
FROM `materials`', [], false)
 3 SYSTEMPATH\Model.php(286): CodeIgniter\Database\BaseBuilder->get()
 4 SYSTEMPATH\BaseModel.php(675): CodeIgniter\Model->doFindAll(0, 0)
 5 APPPATH\Models\MaterialModel.php(14): CodeIgniter\BaseModel->findAll()
 6 APPPATH\Controllers\Home.php(32): App\Models\MaterialModel->getMaterials()
 7 SYSTEMPATH\CodeIgniter.php(933): App\Controllers\Home->materialTypes()
 8 SYSTEMPATH\CodeIgniter.php(507): CodeIgniter\CodeIgniter->runController(Object(App\Controllers\Home))
 9 SYSTEMPATH\CodeIgniter.php(354): CodeIgniter\CodeIgniter->handleRequest(null, Object(Config\Cache), false)
10 SYSTEMPATH\Boot.php(334): CodeIgniter\CodeIgniter->run()
11 SYSTEMPATH\Boot.php(67): CodeIgniter\Boot::runCodeIgniter(Object(CodeIgniter\CodeIgniter))
12 FCPATH\index.php(56): CodeIgniter\Boot::bootWeb(Object(Config\Paths))
ERROR - 2025-04-04 03:21:14 --> Error connecting to the database: mysqli_sql_exception: Unknown database 'ci4' in C:\xampp\htdocs\207\project_code\wazte\system\Database\MySQLi\Connection.php:201
Stack trace:
#0 C:\xampp\htdocs\207\project_code\wazte\system\Database\MySQLi\Connection.php(201): mysqli->real_connect('127.0.0.1', 'root', Object(SensitiveParameterValue), 'ci4', 3306, '', 0)
#1 C:\xampp\htdocs\207\project_code\wazte\system\Database\BaseConnection.php(421): CodeIgniter\Database\MySQLi\Connection->connect(false)
#2 C:\xampp\htdocs\207\project_code\wazte\system\Database\BaseConnection.php(620): CodeIgniter\Database\BaseConnection->initialize()
#3 C:\xampp\htdocs\207\project_code\wazte\system\Database\BaseBuilder.php(1649): CodeIgniter\Database\BaseConnection->query('SELECT `Materia...', Array, false)
#4 C:\xampp\htdocs\207\project_code\wazte\system\Model.php(286): CodeIgniter\Database\BaseBuilder->get()
#5 C:\xampp\htdocs\207\project_code\wazte\system\BaseModel.php(675): CodeIgniter\Model->doFindAll(0, 0)
#6 C:\xampp\htdocs\207\project_code\wazte\app\Models\MaterialModel.php(14): CodeIgniter\BaseModel->findAll()
#7 C:\xampp\htdocs\207\project_code\wazte\app\Controllers\Home.php(32): App\Models\MaterialModel->getMaterials()
#8 C:\xampp\htdocs\207\project_code\wazte\system\CodeIgniter.php(933): App\Controllers\Home->materialTypes()
#9 C:\xampp\htdocs\207\project_code\wazte\system\CodeIgniter.php(507): CodeIgniter\CodeIgniter->runController(Object(App\Controllers\Home))
#10 C:\xampp\htdocs\207\project_code\wazte\system\CodeIgniter.php(354): CodeIgniter\CodeIgniter->handleRequest(NULL, Object(Config\Cache), false)
#11 C:\xampp\htdocs\207\project_code\wazte\system\Boot.php(334): CodeIgniter\CodeIgniter->run()
#12 C:\xampp\htdocs\207\project_code\wazte\system\Boot.php(67): CodeIgniter\Boot::runCodeIgniter(Object(CodeIgniter\CodeIgniter))
#13 C:\xampp\htdocs\207\project_code\wazte\index.php(56): CodeIgniter\Boot::bootWeb(Object(Config\Paths))
#14 {main}

Next CodeIgniter\Database\Exceptions\DatabaseException: Unknown database 'ci4' in C:\xampp\htdocs\207\project_code\wazte\system\Database\MySQLi\Connection.php:246
Stack trace:
#0 C:\xampp\htdocs\207\project_code\wazte\system\Database\BaseConnection.php(421): CodeIgniter\Database\MySQLi\Connection->connect(false)
#1 C:\xampp\htdocs\207\project_code\wazte\system\Database\BaseConnection.php(620): CodeIgniter\Database\BaseConnection->initialize()
#2 C:\xampp\htdocs\207\project_code\wazte\system\Database\BaseBuilder.php(1649): CodeIgniter\Database\BaseConnection->query('SELECT `Materia...', Array, false)
#3 C:\xampp\htdocs\207\project_code\wazte\system\Model.php(286): CodeIgniter\Database\BaseBuilder->get()
#4 C:\xampp\htdocs\207\project_code\wazte\system\BaseModel.php(675): CodeIgniter\Model->doFindAll(0, 0)
#5 C:\xampp\htdocs\207\project_code\wazte\app\Models\MaterialModel.php(14): CodeIgniter\BaseModel->findAll()
#6 C:\xampp\htdocs\207\project_code\wazte\app\Controllers\Home.php(32): App\Models\MaterialModel->getMaterials()
#7 C:\xampp\htdocs\207\project_code\wazte\system\CodeIgniter.php(933): App\Controllers\Home->materialTypes()
#8 C:\xampp\htdocs\207\project_code\wazte\system\CodeIgniter.php(507): CodeIgniter\CodeIgniter->runController(Object(App\Controllers\Home))
#9 C:\xampp\htdocs\207\project_code\wazte\system\CodeIgniter.php(354): CodeIgniter\CodeIgniter->handleRequest(NULL, Object(Config\Cache), false)
#10 C:\xampp\htdocs\207\project_code\wazte\system\Boot.php(334): CodeIgniter\CodeIgniter->run()
#11 C:\xampp\htdocs\207\project_code\wazte\system\Boot.php(67): CodeIgniter\Boot::runCodeIgniter(Object(CodeIgniter\CodeIgniter))
#12 C:\xampp\htdocs\207\project_code\wazte\index.php(56): CodeIgniter\Boot::bootWeb(Object(Config\Paths))
#13 {main}
CRITICAL - 2025-04-04 03:21:14 --> CodeIgniter\Database\Exceptions\DatabaseException: Unable to connect to the database.
Main connection [MySQLi]: Unknown database 'ci4'
[Method: GET, Route: home/materialTypes]
in SYSTEMPATH\Database\BaseConnection.php on line 467.
 1 SYSTEMPATH\Database\BaseConnection.php(620): CodeIgniter\Database\BaseConnection->initialize()
 2 SYSTEMPATH\Database\BaseBuilder.php(1649): CodeIgniter\Database\BaseConnection->query('SELECT `Material` as `name`, `icon`
FROM `materials`', [], false)
 3 SYSTEMPATH\Model.php(286): CodeIgniter\Database\BaseBuilder->get()
 4 SYSTEMPATH\BaseModel.php(675): CodeIgniter\Model->doFindAll(0, 0)
 5 APPPATH\Models\MaterialModel.php(14): CodeIgniter\BaseModel->findAll()
 6 APPPATH\Controllers\Home.php(32): App\Models\MaterialModel->getMaterials()
 7 SYSTEMPATH\CodeIgniter.php(933): App\Controllers\Home->materialTypes()
 8 SYSTEMPATH\CodeIgniter.php(507): CodeIgniter\CodeIgniter->runController(Object(App\Controllers\Home))
 9 SYSTEMPATH\CodeIgniter.php(354): CodeIgniter\CodeIgniter->handleRequest(null, Object(Config\Cache), false)
10 SYSTEMPATH\Boot.php(334): CodeIgniter\CodeIgniter->run()
11 SYSTEMPATH\Boot.php(67): CodeIgniter\Boot::runCodeIgniter(Object(CodeIgniter\CodeIgniter))
12 FCPATH\index.php(56): CodeIgniter\Boot::bootWeb(Object(Config\Paths))
ERROR - 2025-04-04 03:25:17 --> mysqli_sql_exception: Table 'wazte.materials' doesn't exist in C:\xampp\htdocs\207\project_code\wazte\system\Database\MySQLi\Connection.php:327
Stack trace:
#0 C:\xampp\htdocs\207\project_code\wazte\system\Database\MySQLi\Connection.php(327): mysqli->query('SELECT `Materia...', 0)
#1 C:\xampp\htdocs\207\project_code\wazte\system\Database\BaseConnection.php(738): CodeIgniter\Database\MySQLi\Connection->execute('SELECT `Materia...')
#2 C:\xampp\htdocs\207\project_code\wazte\system\Database\BaseConnection.php(652): CodeIgniter\Database\BaseConnection->simpleQuery('SELECT `Materia...')
#3 C:\xampp\htdocs\207\project_code\wazte\system\Database\BaseBuilder.php(1649): CodeIgniter\Database\BaseConnection->query('SELECT `Materia...', Array, false)
#4 C:\xampp\htdocs\207\project_code\wazte\system\Model.php(286): CodeIgniter\Database\BaseBuilder->get()
#5 C:\xampp\htdocs\207\project_code\wazte\system\BaseModel.php(675): CodeIgniter\Model->doFindAll(0, 0)
#6 C:\xampp\htdocs\207\project_code\wazte\app\Models\MaterialModel.php(14): CodeIgniter\BaseModel->findAll()
#7 C:\xampp\htdocs\207\project_code\wazte\app\Controllers\Home.php(32): App\Models\MaterialModel->getMaterials()
#8 C:\xampp\htdocs\207\project_code\wazte\system\CodeIgniter.php(933): App\Controllers\Home->materialTypes()
#9 C:\xampp\htdocs\207\project_code\wazte\system\CodeIgniter.php(507): CodeIgniter\CodeIgniter->runController(Object(App\Controllers\Home))
#10 C:\xampp\htdocs\207\project_code\wazte\system\CodeIgniter.php(354): CodeIgniter\CodeIgniter->handleRequest(NULL, Object(Config\Cache), false)
#11 C:\xampp\htdocs\207\project_code\wazte\system\Boot.php(334): CodeIgniter\CodeIgniter->run()
#12 C:\xampp\htdocs\207\project_code\wazte\system\Boot.php(67): CodeIgniter\Boot::runCodeIgniter(Object(CodeIgniter\CodeIgniter))
#13 C:\xampp\htdocs\207\project_code\wazte\index.php(56): CodeIgniter\Boot::bootWeb(Object(Config\Paths))
#14 {main}
CRITICAL - 2025-04-04 03:25:17 --> CodeIgniter\Database\Exceptions\DatabaseException: Table 'wazte.materials' doesn't exist
[Method: GET, Route: home/materialTypes]
in SYSTEMPATH\Database\BaseConnection.php on line 692.
 1 SYSTEMPATH\Database\BaseBuilder.php(1649): CodeIgniter\Database\BaseConnection->query('SELECT `Material` as `name`, `icon`
FROM `materials`', [], false)
 2 SYSTEMPATH\Model.php(286): CodeIgniter\Database\BaseBuilder->get()
 3 SYSTEMPATH\BaseModel.php(675): CodeIgniter\Model->doFindAll(0, 0)
 4 APPPATH\Models\MaterialModel.php(14): CodeIgniter\BaseModel->findAll()
 5 APPPATH\Controllers\Home.php(32): App\Models\MaterialModel->getMaterials()
 6 SYSTEMPATH\CodeIgniter.php(933): App\Controllers\Home->materialTypes()
 7 SYSTEMPATH\CodeIgniter.php(507): CodeIgniter\CodeIgniter->runController(Object(App\Controllers\Home))
 8 SYSTEMPATH\CodeIgniter.php(354): CodeIgniter\CodeIgniter->handleRequest(null, Object(Config\Cache), false)
 9 SYSTEMPATH\Boot.php(334): CodeIgniter\CodeIgniter->run()
10 SYSTEMPATH\Boot.php(67): CodeIgniter\Boot::runCodeIgniter(Object(CodeIgniter\CodeIgniter))
11 FCPATH\index.php(56): CodeIgniter\Boot::bootWeb(Object(Config\Paths))
CRITICAL - 2025-04-04 03:25:17 --> [Caused by] CodeIgniter\Database\Exceptions\DatabaseException: Table 'wazte.materials' doesn't exist
in SYSTEMPATH\Database\MySQLi\Connection.php on line 332.
 1 SYSTEMPATH\Database\BaseConnection.php(738): CodeIgniter\Database\MySQLi\Connection->execute('SELECT `Material` as `name`, `icon`
FROM `materials`')
 2 SYSTEMPATH\Database\BaseConnection.php(652): CodeIgniter\Database\BaseConnection->simpleQuery('SELECT `Material` as `name`, `icon`
FROM `materials`')
 3 SYSTEMPATH\Database\BaseBuilder.php(1649): CodeIgniter\Database\BaseConnection->query('SELECT `Material` as `name`, `icon`
FROM `materials`', [], false)
 4 SYSTEMPATH\Model.php(286): CodeIgniter\Database\BaseBuilder->get()
 5 SYSTEMPATH\BaseModel.php(675): CodeIgniter\Model->doFindAll(0, 0)
 6 APPPATH\Models\MaterialModel.php(14): CodeIgniter\BaseModel->findAll()
 7 APPPATH\Controllers\Home.php(32): App\Models\MaterialModel->getMaterials()
 8 SYSTEMPATH\CodeIgniter.php(933): App\Controllers\Home->materialTypes()
 9 SYSTEMPATH\CodeIgniter.php(507): CodeIgniter\CodeIgniter->runController(Object(App\Controllers\Home))
10 SYSTEMPATH\CodeIgniter.php(354): CodeIgniter\CodeIgniter->handleRequest(null, Object(Config\Cache), false)
11 SYSTEMPATH\Boot.php(334): CodeIgniter\CodeIgniter->run()
12 SYSTEMPATH\Boot.php(67): CodeIgniter\Boot::runCodeIgniter(Object(CodeIgniter\CodeIgniter))
13 FCPATH\index.php(56): CodeIgniter\Boot::bootWeb(Object(Config\Paths))
CRITICAL - 2025-04-04 03:25:17 --> [Caused by] mysqli_sql_exception: Table 'wazte.materials' doesn't exist
in SYSTEMPATH\Database\MySQLi\Connection.php on line 327.
 1 SYSTEMPATH\Database\MySQLi\Connection.php(327): mysqli->query('SELECT `Material` as `name`, `icon`
FROM `materials`', 0)
 2 SYSTEMPATH\Database\BaseConnection.php(738): CodeIgniter\Database\MySQLi\Connection->execute('SELECT `Material` as `name`, `icon`
FROM `materials`')
 3 SYSTEMPATH\Database\BaseConnection.php(652): CodeIgniter\Database\BaseConnection->simpleQuery('SELECT `Material` as `name`, `icon`
FROM `materials`')
 4 SYSTEMPATH\Database\BaseBuilder.php(1649): CodeIgniter\Database\BaseConnection->query('SELECT `Material` as `name`, `icon`
FROM `materials`', [], false)
 5 SYSTEMPATH\Model.php(286): CodeIgniter\Database\BaseBuilder->get()
 6 SYSTEMPATH\BaseModel.php(675): CodeIgniter\Model->doFindAll(0, 0)
 7 APPPATH\Models\MaterialModel.php(14): CodeIgniter\BaseModel->findAll()
 8 APPPATH\Controllers\Home.php(32): App\Models\MaterialModel->getMaterials()
 9 SYSTEMPATH\CodeIgniter.php(933): App\Controllers\Home->materialTypes()
10 SYSTEMPATH\CodeIgniter.php(507): CodeIgniter\CodeIgniter->runController(Object(App\Controllers\Home))
11 SYSTEMPATH\CodeIgniter.php(354): CodeIgniter\CodeIgniter->handleRequest(null, Object(Config\Cache), false)
12 SYSTEMPATH\Boot.php(334): CodeIgniter\CodeIgniter->run()
13 SYSTEMPATH\Boot.php(67): CodeIgniter\Boot::runCodeIgniter(Object(CodeIgniter\CodeIgniter))
14 FCPATH\index.php(56): CodeIgniter\Boot::bootWeb(Object(Config\Paths))
